/home/alessandro/vpn_project/VPN_Robotics/ros/install/cooperative_robotics/lib/python3.10/site-packages/cooperative_robotics/manager_node.py
/home/alessandro/vpn_project/VPN_Robotics/ros/install/cooperative_robotics/lib/python3.10/site-packages/cooperative_robotics/noisy_odom.py
/home/alessandro/vpn_project/VPN_Robotics/ros/install/cooperative_robotics/lib/python3.10/site-packages/cooperative_robotics/ctrl_node.py
/home/alessandro/vpn_project/VPN_Robotics/ros/install/cooperative_robotics/lib/python3.10/site-packages/cooperative_robotics/__init__.py
/home/alessandro/vpn_project/VPN_Robotics/ros/install/cooperative_robotics/lib/python3.10/site-packages/cooperative_robotics/__pycache__/manager_node.cpython-310.pyc
/home/alessandro/vpn_project/VPN_Robotics/ros/install/cooperative_robotics/lib/python3.10/site-packages/cooperative_robotics/__pycache__/noisy_odom.cpython-310.pyc
/home/alessandro/vpn_project/VPN_Robotics/ros/install/cooperative_robotics/lib/python3.10/site-packages/cooperative_robotics/__pycache__/ctrl_node.cpython-310.pyc
/home/alessandro/vpn_project/VPN_Robotics/ros/install/cooperative_robotics/lib/python3.10/site-packages/cooperative_robotics/__pycache__/__init__.cpython-310.pyc
/home/alessandro/vpn_project/VPN_Robotics/ros/install/cooperative_robotics/share/ament_index/resource_index/packages/cooperative_robotics
/home/alessandro/vpn_project/VPN_Robotics/ros/install/cooperative_robotics/share/cooperative_robotics/package.xml
/home/alessandro/vpn_project/VPN_Robotics/ros/install/cooperative_robotics/share/cooperative_robotics/startup_launch.py
/home/alessandro/vpn_project/VPN_Robotics/ros/install/cooperative_robotics/share/cooperative_robotics/loc_launch.py
/home/alessandro/vpn_project/VPN_Robotics/ros/install/cooperative_robotics/lib/python3.10/site-packages/cooperative_robotics-0.0.0-py3.10.egg-info/PKG-INFO
/home/alessandro/vpn_project/VPN_Robotics/ros/install/cooperative_robotics/lib/python3.10/site-packages/cooperative_robotics-0.0.0-py3.10.egg-info/dependency_links.txt
/home/alessandro/vpn_project/VPN_Robotics/ros/install/cooperative_robotics/lib/python3.10/site-packages/cooperative_robotics-0.0.0-py3.10.egg-info/zip-safe
/home/alessandro/vpn_project/VPN_Robotics/ros/install/cooperative_robotics/lib/python3.10/site-packages/cooperative_robotics-0.0.0-py3.10.egg-info/top_level.txt
/home/alessandro/vpn_project/VPN_Robotics/ros/install/cooperative_robotics/lib/python3.10/site-packages/cooperative_robotics-0.0.0-py3.10.egg-info/SOURCES.txt
/home/alessandro/vpn_project/VPN_Robotics/ros/install/cooperative_robotics/lib/python3.10/site-packages/cooperative_robotics-0.0.0-py3.10.egg-info/requires.txt
/home/alessandro/vpn_project/VPN_Robotics/ros/install/cooperative_robotics/lib/python3.10/site-packages/cooperative_robotics-0.0.0-py3.10.egg-info/entry_points.txt
/home/alessandro/vpn_project/VPN_Robotics/ros/install/cooperative_robotics/lib/cooperative_robotics/ctrl_node
/home/alessandro/vpn_project/VPN_Robotics/ros/install/cooperative_robotics/lib/cooperative_robotics/manager_node
/home/alessandro/vpn_project/VPN_Robotics/ros/install/cooperative_robotics/lib/cooperative_robotics/noisy_odom
